<?xml version="1.0" encoding="UTF-8"?>
<testsuite xmlns:xsi="http://www.w3.org/2001/XMLSchema-instance" xsi:noNamespaceSchemaLocation="https://maven.apache.org/surefire/maven-surefire-plugin/xsd/surefire-test-report.xsd" version="3.0.2" name="gmbh.conteco.seminarverwaltung.SeminarverwaltungApplicationTests" time="1.029" tests="1" errors="0" skipped="0" failures="0">
  <properties>
[...]
</properties>
  <testcase name="contextLoads" classname="gmbh.conteco.seminarverwaltung.SeminarverwaltungApplicationTests" time="0.007">
    <system-out><![CDATA[2025-04-12T12:43:50.509+02:00  INFO 24510 --- [Seminarverwaltung] [           main] t.c.s.AnnotationConfigContextLoaderUtils : Could not detect default configuration classes for test class [gmbh.conteco.seminarverwaltung.SeminarverwaltungApplicationTests]: SeminarverwaltungApplicationTests does not declare any static, non-private, non-final, nested classes annotated with @Configuration.
2025-04-12T12:43:50.518+02:00  INFO 24510 --- [Seminarverwaltung] [           main] .b.t.c.SpringBootTestContextBootstrapper : Found @SpringBootConfiguration gmbh.conteco.seminarverwaltung.SeminarverwaltungApplication for test class gmbh.conteco.seminarverwaltung.SeminarverwaltungApplicationTests
2025-04-12T12:43:50.524+02:00  INFO 24510 --- [Seminarverwaltung] [           main] o.s.b.d.r.RestartApplicationListener     : Restart disabled due to context in which it is running

  .   ____          _            __ _ _
 /\\ / ___'_ __ _ _(_)_ __  __ _ \ \ \ \
( ( )\___ | '_ | '_| | '_ \/ _` | \ \ \ \
 \\/  ___)| |_)| | | | | || (_| |  ) ) ) )
  '  |____| .__|_| |_|_| |_\__, | / / / /
 =========|_|==============|___/=/_/_/_/

 :: Spring Boot ::                (v3.4.4)

2025-04-12T12:43:50.558+02:00  INFO 24510 --- [Seminarverwaltung] [           main] g.c.s.SeminarverwaltungApplicationTests  : Starting SeminarverwaltungApplicationTests using Java 23.0.2 with PID 24510 (started by alperen in /home/alperen/Project/java-testing)
2025-04-12T12:43:50.559+02:00  INFO 24510 --- [Seminarverwaltung] [           main] g.c.s.SeminarverwaltungApplicationTests  : No active profile set, falling back to 1 default profile: "default"
2025-04-12T12:43:50.878+02:00  INFO 24510 --- [Seminarverwaltung] [           main] .s.d.r.c.RepositoryConfigurationDelegate : Bootstrapping Spring Data JPA repositories in DEFAULT mode.
2025-04-12T12:43:50.891+02:00  INFO 24510 --- [Seminarverwaltung] [           main] .s.d.r.c.RepositoryConfigurationDelegate : Finished Spring Data repository scanning in 12 ms. Found 3 JPA repository interfaces.
2025-04-12T12:43:51.006+02:00  INFO 24510 --- [Seminarverwaltung] [           main] o.hibernate.jpa.internal.util.LogHelper  : HHH000204: Processing PersistenceUnitInfo [name: default]
2025-04-12T12:43:51.008+02:00  INFO 24510 --- [Seminarverwaltung] [           main] o.h.c.internal.RegionFactoryInitiator    : HHH000026: Second-level cache disabled
2025-04-12T12:43:51.019+02:00  INFO 24510 --- [Seminarverwaltung] [           main] o.s.o.j.p.SpringPersistenceUnitInfo      : No LoadTimeWeaver setup: ignoring JPA class transformer
2025-04-12T12:43:51.020+02:00  INFO 24510 --- [Seminarverwaltung] [           main] com.zaxxer.hikari.HikariDataSource       : HikariPool-2 - Starting...
2025-04-12T12:43:51.021+02:00  INFO 24510 --- [Seminarverwaltung] [           main] com.zaxxer.hikari.pool.HikariPool        : HikariPool-2 - Added connection conn30: url=jdbc:h2:./seminare user=
2025-04-12T12:43:51.022+02:00  INFO 24510 --- [Seminarverwaltung] [           main] com.zaxxer.hikari.HikariDataSource       : HikariPool-2 - Start completed.
2025-04-12T12:43:51.023+02:00  INFO 24510 --- [Seminarverwaltung] [           main] org.hibernate.orm.connections.pooling    : HHH10001005: Database info:
	Database JDBC URL [Connecting through datasource 'HikariDataSource (HikariPool-2)']
	Database driver: undefined/unknown
	Database version: 2.3.232
	Autocommit mode: undefined/unknown
	Isolation level: undefined/unknown
	Minimum pool size: undefined/unknown
	Maximum pool size: undefined/unknown
2025-04-12T12:43:51.148+02:00 DEBUG 24510 --- [Seminarverwaltung] [           main] org.hibernate.SQL                        : create global temporary table HTE_seminartag(end_uhrzeit time(6), rn_ integer not null, start_uhrzeit time(6), tag_datum date, id bigint, seminar_id uuid, primary key (rn_)) TRANSACTIONAL
Hibernate: create global temporary table HTE_seminartag(end_uhrzeit time(6), rn_ integer not null, start_uhrzeit time(6), tag_datum date, id bigint, seminar_id uuid, primary key (rn_)) TRANSACTIONAL
2025-04-12T12:43:51.151+02:00 DEBUG 24510 --- [Seminarverwaltung] [           main] org.hibernate.SQL                        : create global temporary table HTE_kunde(rn_ integer not null, id bigint, name varchar(255), primary key (rn_)) TRANSACTIONAL
Hibernate: create global temporary table HTE_kunde(rn_ integer not null, id bigint, name varchar(255), primary key (rn_)) TRANSACTIONAL
2025-04-12T12:43:51.153+02:00 DEBUG 24510 --- [Seminarverwaltung] [           main] org.hibernate.SQL                        : create global temporary table HTE_users(is_dozent boolean, rn_ integer not null, id bigint, username varchar(255), primary key (rn_)) TRANSACTIONAL
Hibernate: create global temporary table HTE_users(is_dozent boolean, rn_ integer not null, id bigint, username varchar(255), primary key (rn_)) TRANSACTIONAL
2025-04-12T12:43:51.165+02:00  INFO 24510 --- [Seminarverwaltung] [           main] o.h.e.t.j.p.i.JtaPlatformInitiator       : HHH000489: No JTA platform available (set 'hibernate.transaction.jta.platform' to enable JTA platform integration)
2025-04-12T12:43:51.166+02:00 DEBUG 24510 --- [Seminarverwaltung] [           main] org.hibernate.SQL                        : drop table if exists kunde cascade 
Hibernate: drop table if exists kunde cascade 
2025-04-12T12:43:51.167+02:00 DEBUG 24510 --- [Seminarverwaltung] [           main] org.hibernate.SQL                        : drop table if exists seminar cascade 
Hibernate: drop table if exists seminar cascade 
2025-04-12T12:43:51.169+02:00 DEBUG 24510 --- [Seminarverwaltung] [           main] org.hibernate.SQL                        : drop table if exists seminartag cascade 
Hibernate: drop table if exists seminartag cascade 
2025-04-12T12:43:51.170+02:00 DEBUG 24510 --- [Seminarverwaltung] [           main] org.hibernate.SQL                        : drop table if exists users cascade 
Hibernate: drop table if exists users cascade 
2025-04-12T12:43:51.171+02:00 DEBUG 24510 --- [Seminarverwaltung] [           main] org.hibernate.SQL                        : drop sequence if exists kunde_seq
Hibernate: drop sequence if exists kunde_seq
2025-04-12T12:43:51.171+02:00 DEBUG 24510 --- [Seminarverwaltung] [           main] org.hibernate.SQL                        : drop sequence if exists seminartag_seq
Hibernate: drop sequence if exists seminartag_seq
2025-04-12T12:43:51.172+02:00 DEBUG 24510 --- [Seminarverwaltung] [           main] org.hibernate.SQL                        : drop sequence if exists users_seq
Hibernate: drop sequence if exists users_seq
2025-04-12T12:43:51.173+02:00 DEBUG 24510 --- [Seminarverwaltung] [           main] org.hibernate.SQL                        : create sequence kunde_seq start with 1 increment by 50
Hibernate: create sequence kunde_seq start with 1 increment by 50
2025-04-12T12:43:51.173+02:00 DEBUG 24510 --- [Seminarverwaltung] [           main] org.hibernate.SQL                        : create sequence seminartag_seq start with 1 increment by 50
Hibernate: create sequence seminartag_seq start with 1 increment by 50
2025-04-12T12:43:51.174+02:00 DEBUG 24510 --- [Seminarverwaltung] [           main] org.hibernate.SQL                        : create sequence users_seq start with 1 increment by 50
Hibernate: create sequence users_seq start with 1 increment by 50
2025-04-12T12:43:51.175+02:00 DEBUG 24510 --- [Seminarverwaltung] [           main] org.hibernate.SQL                        : create table kunde (id bigint not null, name varchar(255) not null, primary key (id))
Hibernate: create table kunde (id bigint not null, name varchar(255) not null, primary key (id))
2025-04-12T12:43:51.176+02:00 DEBUG 24510 --- [Seminarverwaltung] [           main] org.hibernate.SQL                        : create table seminar (teilnehmer_online integer not null, teilnehmer_praesenz integer not null, created_at timestamp(6), dozent_id bigint, kunde_id bigint, quelldatum timestamp(6), updated_at timestamp(6), id uuid not null, agenda varchar(5000), beschreibung varchar(5000), link varchar(255), location varchar(255), seminar_id varchar(255), titel varchar(255) not null, art enum ('HYBRID','ONLINE','PRAESENZ'), status enum ('ABGESAGT','GEPLANT','IN_DURCHFUEHRUNG','IN_VORBEREITUNG','VERRECHNET'), primary key (id))
Hibernate: create table seminar (teilnehmer_online integer not null, teilnehmer_praesenz integer not null, created_at timestamp(6), dozent_id bigint, kunde_id bigint, quelldatum timestamp(6), updated_at timestamp(6), id uuid not null, agenda varchar(5000), beschreibung varchar(5000), link varchar(255), location varchar(255), seminar_id varchar(255), titel varchar(255) not null, art enum ('HYBRID','ONLINE','PRAESENZ'), status enum ('ABGESAGT','GEPLANT','IN_DURCHFUEHRUNG','IN_VORBEREITUNG','VERRECHNET'), primary key (id))
2025-04-12T12:43:51.179+02:00 DEBUG 24510 --- [Seminarverwaltung] [           main] org.hibernate.SQL                        : create table seminartag (end_uhrzeit time(6), start_uhrzeit time(6), tag_datum date not null, id bigint not null, seminar_id uuid, primary key (id))
Hibernate: create table seminartag (end_uhrzeit time(6), start_uhrzeit time(6), tag_datum date not null, id bigint not null, seminar_id uuid, primary key (id))
2025-04-12T12:43:51.181+02:00 DEBUG 24510 --- [Seminarverwaltung] [           main] org.hibernate.SQL                        : create table users (is_dozent boolean default true not null, id bigint not null, username varchar(255) not null, primary key (id))
Hibernate: create table users (is_dozent boolean default true not null, id bigint not null, username varchar(255) not null, primary key (id))
2025-04-12T12:43:51.182+02:00 DEBUG 24510 --- [Seminarverwaltung] [           main] org.hibernate.SQL                        : alter table if exists seminar add constraint FK6xlaobp58mh1ivpqe16v6gqvi foreign key (dozent_id) references users
Hibernate: alter table if exists seminar add constraint FK6xlaobp58mh1ivpqe16v6gqvi foreign key (dozent_id) references users
2025-04-12T12:43:51.185+02:00 DEBUG 24510 --- [Seminarverwaltung] [           main] org.hibernate.SQL                        : alter table if exists seminar add constraint FKirbm4sismusxdlgwl7nc83tn7 foreign key (kunde_id) references kunde
Hibernate: alter table if exists seminar add constraint FKirbm4sismusxdlgwl7nc83tn7 foreign key (kunde_id) references kunde
2025-04-12T12:43:51.187+02:00 DEBUG 24510 --- [Seminarverwaltung] [           main] org.hibernate.SQL                        : alter table if exists seminartag add constraint FKbjbq41usyd7qjys9xb685iwf7 foreign key (seminar_id) references seminar
Hibernate: alter table if exists seminartag add constraint FKbjbq41usyd7qjys9xb685iwf7 foreign key (seminar_id) references seminar
2025-04-12T12:43:51.190+02:00  INFO 24510 --- [Seminarverwaltung] [           main] j.LocalContainerEntityManagerFactoryBean : Initialized JPA EntityManagerFactory for persistence unit 'default'
2025-04-12T12:43:51.341+02:00  WARN 24510 --- [Seminarverwaltung] [           main] JpaBaseConfiguration$JpaWebConfiguration : spring.jpa.open-in-view is enabled by default. Therefore, database queries may be performed during view rendering. Explicitly configure spring.jpa.open-in-view to disable this warning
2025-04-12T12:43:51.494+02:00  INFO 24510 --- [Seminarverwaltung] [           main] o.s.b.a.h2.H2ConsoleAutoConfiguration    : H2 console available at '/h2-console'. Database available at 'jdbc:h2:./seminare'
2025-04-12T12:43:51.527+02:00  INFO 24510 --- [Seminarverwaltung] [           main] g.c.s.SeminarverwaltungApplicationTests  : Started SeminarverwaltungApplicationTests in 1.004 seconds (process running for 15.475)
]]></system-out>
  </testcase>
</testsuite>